<?xml version="1.0" encoding="utf-8"?><testsuites name="pytest tests"><testsuite name="pytest" errors="0" failures="0" skipped="17" tests="960" time="41.017" timestamp="2026-08-12T08:21:54.843917+00:00" hostname="CPC-tfhab-FSGML"><testcase classname="tests.experiments.test_acquire" name="test_load_default_experiment_config_has_pinned_hashes" time="0.006" /><testcase classname="tests.experiments.test_acquire" name="test_verify_file_missing_is_missing_not_error" time="0.010" /><testcase classname="tests.experiments.test_acquire" name="test_verify_file_matching_hash_is_measured" time="0.002" /><testcase classname="tests.experiments.test_acquire" name="test_verify_file_mismatched_hash_is_error_never_silently_accepted" time="0.002" /><testcase classname="tests.experiments.test_acquire" name="test_verify_all_checks_every_configured_file" time="0.007" /><testcase classname="tests.experiments.test_acquire" name="test_safe_extract_normal_zip" time="0.004" /><testcase classname="tests.experiments.test_acquire" name="test_safe_extract_missing_zip_is_missing" time="0.002" /><testcase classname="tests.experiments.test_acquire" name="test_safe_extract_rejects_traversal_members[../evil.txt]" time="0.003" /><testcase classname="tests.experiments.test_acquire" name="test_safe_extract_rejects_traversal_members[../../etc/evil.txt]" time="0.003" /><testcase classname="tests.experiments.test_acquire" name="test_safe_extract_rejects_traversal_members[a/../../evil.txt]" time="0.004" /><testcase classname="tests.experiments.test_acquire" name="test_safe_extract_rejects_absolute_member_path" time="0.002" /><testcase classname="tests.experiments.test_acquire" name="test_safe_extract_refuses_star_filenames_on_native_windows" time="0.002" /><testcase classname="tests.experiments.test_acquire" name="test_safe_extract_skips_windows_guard_when_not_native_windows" time="0.003" /><testcase classname="tests.experiments.test_acquire" name="test_safe_extract_force_native_windows_bypasses_refusal" time="0.003" /><testcase classname="tests.experiments.test_acquire" name="test_this_machine_is_actually_native_windows_for_the_real_guard" time="0.000" /><testcase classname="tests.experiments.test_acquire" name="test_acquire_reports_missing_files_without_network" time="0.008" /><testcase classname="tests.experiments.test_acquire" name="test_acquire_verifies_and_extracts_present_zip" time="0.009" /><testcase classname="tests.experiments.test_acquire" name="test_acquire_never_downloads_unless_flag_set" time="0.008" /><testcase classname="tests.experiments.test_acquire" name="test_acquire_unknown_key_reports_error_not_crash" time="0.007" /><testcase classname="tests.experiments.test_acquire" name="test_cli_main_returns_nonzero_when_files_missing" time="0.008" /><testcase classname="tests.experiments.test_acquire" name="test_cli_main_writes_report_when_out_given" time="0.013" /><testcase classname="tests.experiments.test_analyze" name="test_load_manifest_reads_json" time="0.006" /><testcase classname="tests.experiments.test_analyze" name="test_load_raw_runs_reads_jsonl" time="0.003" /><testcase classname="tests.experiments.test_analyze" name="test_load_test_comparisons_returns_none_for_none_path" time="0.000" /><testcase classname="tests.experiments.test_analyze" name="test_load_test_comparisons_returns_none_for_missing_file" time="0.002" /><testcase classname="tests.experiments.test_analyze" name="test_load_test_comparisons_returns_empty_list_for_empty_existing_file" time="0.002" /><testcase classname="tests.experiments.test_analyze" name="test_load_test_comparisons_reads_rows" time="0.002" /><testcase classname="tests.experiments.test_analyze" name="test_load_generated_test_projects_restores_numbers_and_csv_nulls" time="0.002" /><testcase classname="tests.experiments.test_analyze" name="test_validate_rows_against_schema_accepts_valid_raw_row" time="0.009" /><testcase classname="tests.experiments.test_analyze" name="test_validate_rows_against_schema_reports_missing_required_field" time="0.009" /><testcase classname="tests.experiments.test_analyze" name="test_validate_rows_against_schema_reports_bad_enum_value" time="0.010" /><testcase classname="tests.experiments.test_analyze" name="test_validate_rows_against_schema_only_flags_bad_rows" time="0.010" /><testcase classname="tests.experiments.test_analyze" name="test_validate_rows_against_schema_accepts_valid_test_comparison_row" time="0.010" /><testcase classname="tests.experiments.test_analyze" name="test_validate_rows_against_schema_accepts_generated_row_with_null_source" time="0.010" /><testcase classname="tests.experiments.test_analyze" name="test_compute_completeness_full_coverage" time="0.000" /><testcase classname="tests.experiments.test_analyze" name="test_compute_completeness_partial_coverage_lists_missing_cells" time="0.000" /><testcase classname="tests.experiments.test_analyze" name="test_compute_completeness_empty_manifest_reports_none_fraction" time="0.000" /><testcase classname="tests.experiments.test_analyze" name="test_compute_completeness_multiple_variants_and_repetitions" time="0.001" /><testcase classname="tests.experiments.test_analyze" name="test_compute_project_row_completeness_filters_tools_and_detects_duplicates" time="0.000" /><testcase classname="tests.experiments.test_analyze" name="test_check_provenance_consistency_all_consistent" time="0.000" /><testcase classname="tests.experiments.test_analyze" name="test_check_provenance_consistency_detects_mixed_models" time="0.000" /><testcase classname="tests.experiments.test_analyze" name="test_check_provenance_consistency_discloses_cli_version_drift" time="0.000" /><testcase classname="tests.experiments.test_analyze" name="test_check_provenance_consistency_discloses_git_revision_drift" time="0.000" /><testcase classname="tests.experiments.test_analyze" name="test_check_provenance_consistency_empty_rows_is_consistent" time="0.000" /><testcase classname="tests.experiments.test_analyze" name="test_check_provenance_consistency_ignores_none_values" time="0.000" /><testcase classname="tests.experiments.test_analyze" name="test_mean_measurement_computes_mean_over_measured_rows" time="0.001" /><testcase classname="tests.experiments.test_analyze" name="test_mean_measurement_skips_non_measured_rows" time="0.000" /><testcase classname="tests.experiments.test_analyze" name="test_mean_measurement_all_missing_returns_missing_not_zero" time="0.000" /><testcase classname="tests.experiments.test_analyze" name="test_mean_measurement_empty_rows_is_missing" time="0.000" /><testcase classname="tests.experiments.test_analyze" name="test_mean_measurement_doubles_as_boolean_rate" time="0.000" /><testcase classname="tests.experiments.test_analyze" name="test_mean_measurement_without_status_field_uses_none_check_only" time="0.000" /><testcase classname="tests.experiments.test_analyze" name="test_sum_measurement_sums_over_measured_rows" time="0.000" /><testcase classname="tests.experiments.test_analyze" name="test_sum_measurement_all_missing_returns_missing" time="0.000" /><testcase classname="tests.experiments.test_analyze" name="test_paper_equivalent_pass_rate_matches_paper_worked_example" time="0.000" /><testcase classname="tests.experiments.test_analyze" name="test_paper_equivalent_pass_rate_is_sum_based_not_mean_of_per_row_rates" time="0.001" /><testcase classname="tests.experiments.test_analyze" name="test_paper_equivalent_pass_rate_caps_each_project_at_fixed_denominator" time="0.000" /><testcase classname="tests.experiments.test_analyze" name="test_paper_equivalent_pass_rate_build_failure_contributes_zero_numerator_full_denominator" time="0.000" /><testcase classname="tests.experiments.test_analyze" name="test_paper_equivalent_pass_rate_row_excluded_when_its_own_expected_not_measured" time="0.000" /><testcase classname="tests.experiments.test_analyze" name="test_paper_equivalent_pass_rate_missing_when_no_row_has_measured_expected" time="0.001" /><testcase classname="tests.experiments.test_analyze" name="test_bootstrap_ci_returns_none_for_fewer_than_two_values" time="0.000" /><testcase classname="tests.experiments.test_analyze" name="test_bootstrap_ci_is_deterministic_with_fixed_seed" time="0.015" /><testcase classname="tests.experiments.test_analyze" name="test_bootstrap_ci_brackets_the_sample_mean_reasonably" time="0.017" /><testcase classname="tests.experiments.test_analyze" name="test_bootstrap_ci_low_le_high" time="0.010" /><testcase classname="tests.experiments.test_analyze" name="test_paired_delta_test_missing_for_fewer_than_two_pairs" time="0.000" /><testcase classname="tests.experiments.test_analyze" name="test_paired_delta_test_missing_for_empty_input" time="0.000" /><testcase classname="tests.experiments.test_analyze" name="test_paired_delta_test_uses_scipy_wilcoxon_when_available" time="0.004"><skipped type="pytest.skip" message="scipy not installed in this environment">/mnt/c/Users/t-fhabibi/CodeWeaver/tests/experiments/test_analyze.py:583: scipy not installed in this environment</skipped></testcase><testcase classname="tests.experiments.test_analyze" name="test_paired_delta_test_falls_back_to_bootstrap_when_scipy_unavailable" time="0.007" /><testcase classname="tests.experiments.test_analyze" name="test_paired_delta_test_falls_back_to_bootstrap_for_degenerate_scipy_input" time="0.004"><skipped type="pytest.skip" message="scipy not installed in this environment">/mnt/c/Users/t-fhabibi/CodeWeaver/tests/experiments/test_analyze.py:609: scipy not installed in this environment</skipped></testcase><testcase classname="tests.experiments.test_analyze" name="test_compute_table1_measured_aggregates_measured_tool" time="0.001" /><testcase classname="tests.experiments.test_analyze" name="test_compute_table1_measured_reports_missing_not_zero_for_absent_tool" time="0.001" /><testcase classname="tests.experiments.test_analyze" name="test_compute_table1_measured_includes_all_aggregate_row" time="0.001" /><testcase classname="tests.experiments.test_analyze" name="test_compute_table1_measured_translated_generated_counts_null_without_test_comparisons" time="0.001" /><testcase classname="tests.experiments.test_analyze" name="test_compute_table1_measured_translated_generated_counts_from_test_comparisons" time="0.001" /><testcase classname="tests.experiments.test_analyze" name="test_compute_table1_uses_isolated_generated_test_execution" time="0.001" /><testcase classname="tests.experiments.test_analyze" name="test_compute_table1_uses_generated_project_coverage_not_standardized_harness" time="0.001" /><testcase classname="tests.experiments.test_analyze" name="test_compute_table1_measured_only_includes_requested_variant" time="0.001" /><testcase classname="tests.experiments.test_analyze" name="test_compute_table1_measured_test_comparison_counts_exclude_other_variant" time="0.001" /><testcase classname="tests.experiments.test_analyze" name="test_compute_table1_measured_test_comparison_counts_exclude_other_repetition" time="0.001" /><testcase classname="tests.experiments.test_analyze" name="test_compute_table1_measured_test_comparison_counts_none_when_only_other_selection_available" time="0.001" /><testcase classname="tests.experiments.test_analyze" name="test_compute_table1_measured_milestone_pass_rate_computed_from_sums" time="0.001" /><testcase classname="tests.experiments.test_analyze" name="test_compute_table1_measured_tpr_sourced_from_validated_when_available" time="0.001" /><testcase classname="tests.experiments.test_analyze" name="test_compute_table1_measured_tpr_missing_when_validated_unavailable_never_falls_back" time="0.001" /><testcase classname="tests.experiments.test_analyze" name="test_compute_table1_measured_new_fields_exclude_other_variant_and_repetition" time="0.001" /><testcase classname="tests.experiments.test_analyze" name="test_compute_table1_measured_oracle_integrity_counts_exclude_not_applicable" time="0.001" /><testcase classname="tests.experiments.test_analyze" name="test_compute_table1_measured_function_validation_distinct_from_translation_ratio" time="0.001" /><testcase classname="tests.experiments.test_analyze" name="test_compute_table1_measured_function_harness_tests_distinct_from_function_validation" time="0.001" /><testcase classname="tests.experiments.test_analyze" name="test_compute_table1_measured_function_harness_tests_excludes_other_variant_and_repetition" time="0.001" /><testcase classname="tests.experiments.test_analyze" name="test_table1_paper_reference_rows_includes_function_validation_denominator_non_crust" time="0.000" /><testcase classname="tests.experiments.test_analyze" name="test_table1_paper_reference_rows_matches_common_constants" time="0.000" /><testcase classname="tests.experiments.test_analyze" name="test_table1_paper_reference_rows_per_tool_validated_test_breakdown_sums_to_total" time="0.000" /><testcase classname="tests.experiments.test_analyze" name="test_table1_paper_reference_rows_per_tool_breakdown_matches_common_constant_directly" time="0.000" /><testcase classname="tests.experiments.test_analyze" name="test_compute_table2_delegates_to_summarize_comparisons_per_tool" time="0.000" /><testcase classname="tests.experiments.test_analyze" name="test_compute_table2_empty_input_still_has_all_row" time="0.000" /><testcase classname="tests.experiments.test_analyze" name="test_compute_table2_excludes_other_variant_by_default" time="0.000" /><testcase classname="tests.experiments.test_analyze" name="test_compute_table2_excludes_other_repetition_by_default" time="0.000" /><testcase classname="tests.experiments.test_analyze" name="test_compute_table2_variant_none_aggregates_across_variants_explicitly" time="0.000" /><testcase classname="tests.experiments.test_analyze" name="test_compute_paper_table2_uses_runtime_denominator_and_weighted_metrics" time="0.001" /><testcase classname="tests.experiments.test_analyze" name="test_compute_ablation_metrics_one_row_per_run_variant" time="0.001" /><testcase classname="tests.experiments.test_analyze" name="test_compute_ablation_metrics_full_variant_has_na_delta" time="0.001" /><testcase classname="tests.experiments.test_analyze" name="test_compute_ablation_metrics_nonfull_variant_computes_paired_delta" time="0.010" /><testcase classname="tests.experiments.test_analyze" name="test_compute_ablation_metrics_unmeasured_variant_reports_missing" time="0.001" /><testcase classname="tests.experiments.test_analyze" name="test_compute_ablation_metrics_sec_json_aggregates_stage_means" time="0.001" /><testcase classname="tests.experiments.test_analyze" name="test_compute_ablation_metrics_handles_malformed_sec_json_gracefully" time="0.001" /><testcase classname="tests.experiments.test_analyze" name="test_compute_cost_metrics_sums_tokens_and_invocations" time="0.001" /><testcase classname="tests.experiments.test_analyze" name="test_compute_cost_metrics_dollar_cost_not_applicable_without_pricing" time="0.001" /><testcase classname="tests.experiments.test_analyze" name="test_compute_cost_metrics_dollar_cost_measured_with_explicit_pricing" time="0.001" /><testcase classname="tests.experiments.test_analyze" name="test_compute_cost_metrics_unmeasured_variant_all_missing" time="0.001" /><testcase classname="tests.experiments.test_analyze" name="test_compute_generated_tests_table_counts_by_project" time="0.000" /><testcase classname="tests.experiments.test_analyze" name="test_compute_generated_tests_table_empty_input" time="0.000" /><testcase classname="tests.experiments.test_analyze" name="test_compute_generated_tests_table_excludes_other_variant_for_same_project" time="0.000" /><testcase classname="tests.experiments.test_analyze" name="test_compute_generated_tests_table_excludes_other_repetition_for_same_project" time="0.000" /><testcase classname="tests.experiments.test_analyze" name="test_compute_function_validation_table_filters_by_variant_and_sorts" time="0.001" /><testcase classname="tests.experiments.test_analyze" name="test_compute_function_validation_table_filters_by_repetition_by_default" time="0.000" /><testcase classname="tests.experiments.test_analyze" name="test_compute_function_validation_table_includes_function_ratio_fields" time="0.000" /><testcase classname="tests.experiments.test_analyze" name="test_compute_function_validation_table_includes_execution_based_and_oracle_integrity_fields" time="0.000" /><testcase classname="tests.experiments.test_analyze" name="test_compute_function_validation_table_includes_function_harness_tests_fields" time="0.000" /><testcase classname="tests.experiments.test_analyze" name="test_compute_function_validation_table_function_harness_tests_distinct_from_function_validation" time="0.001" /><testcase classname="tests.experiments.test_analyze" name="test_compute_function_validation_table_reports_oracle_integrity_per_project" time="0.000" /><testcase classname="tests.experiments.test_analyze" name="test_compute_function_validation_table_unavailable_not_zero_for_unmeasured_function_validation" time="0.000" /><testcase classname="tests.experiments.test_analyze" name="test_compute_function_validation_table_unavailable_not_zero_for_unmeasured_function_harness_tests" time="0.000" /><testcase classname="tests.experiments.test_analyze" name="test_all_columns_preserves_first_seen_order" time="0.000" /><testcase classname="tests.experiments.test_analyze" name="test_write_csv_round_trips" time="0.005" /><testcase classname="tests.experiments.test_analyze" name="test_write_no_measured_data_csv_contains_watermark" time="0.004" /><testcase classname="tests.experiments.test_analyze" name="test_render_table_pdf_writes_real_pdf_when_reportlab_available" time="0.005"><skipped type="pytest.skip" message="reportlab not installed in this environment">/mnt/c/Users/t-fhabibi/CodeWeaver/tests/experiments/test_analyze.py:1415: reportlab not installed in this environment</skipped></testcase><testcase classname="tests.experiments.test_analyze" name="test_render_table_pdf_bounds_multiline_diagnostic_cells" time="0.005"><skipped type="pytest.skip" message="reportlab not installed in this environment">/mnt/c/Users/t-fhabibi/CodeWeaver/tests/experiments/test_analyze.py:1425: reportlab not installed in this environment</skipped></testcase><testcase classname="tests.experiments.test_analyze" name="test_render_table_pdf_writes_placeholder_when_reportlab_unavailable" time="0.004" /><testcase classname="tests.experiments.test_analyze" name="test_render_watermark_pdf_writes_real_pdf_when_reportlab_available" time="0.005"><skipped type="pytest.skip" message="reportlab not installed in this environment">/mnt/c/Users/t-fhabibi/CodeWeaver/tests/experiments/test_analyze.py:1450: reportlab not installed in this environment</skipped></testcase><testcase classname="tests.experiments.test_analyze" name="test_render_watermark_pdf_placeholder_when_unavailable" time="0.004" /><testcase classname="tests.experiments.test_analyze" name="test_render_bar_figure_pdf_writes_real_pdf_when_matplotlib_available" time="0.005"><skipped type="pytest.skip" message="matplotlib not installed in this environment">/mnt/c/Users/t-fhabibi/CodeWeaver/tests/experiments/test_analyze.py:1469: matplotlib not installed in this environment</skipped></testcase><testcase classname="tests.experiments.test_analyze" name="test_render_bar_figure_pdf_placeholder_when_unavailable" time="0.004" /><testcase classname="tests.experiments.test_analyze" name="test_render_bar_figure_pdf_handles_empty_series" time="0.005"><skipped type="pytest.skip" message="matplotlib not installed in this environment">/mnt/c/Users/t-fhabibi/CodeWeaver/tests/experiments/test_analyze.py:1490: matplotlib not installed in this environment</skipped></testcase><testcase classname="tests.experiments.test_analyze" name="test_partition_series_for_plot_never_coerces_none_to_zero" time="0.000" /><testcase classname="tests.experiments.test_analyze" name="test_partition_series_for_plot_all_missing" time="0.001" /><testcase classname="tests.experiments.test_analyze" name="test_partition_series_for_plot_all_real" time="0.000" /><testcase classname="tests.experiments.test_analyze" name="test_build_bar_figure_missing_values_rendered_as_distinct_hatched_marker_not_zero_bar" time="0.004"><skipped type="pytest.skip" message="matplotlib not installed in this environment">/mnt/c/Users/t-fhabibi/CodeWeaver/tests/experiments/test_analyze.py:1532: matplotlib not installed in this environment</skipped></testcase><testcase classname="tests.experiments.test_analyze" name="test_build_bar_figure_all_missing_series_still_gets_legend_entry_without_plotting_zero" time="0.004"><skipped type="pytest.skip" message="matplotlib not installed in this environment">/mnt/c/Users/t-fhabibi/CodeWeaver/tests/experiments/test_analyze.py:1553: matplotlib not installed in this environment</skipped></testcase><testcase classname="tests.experiments.test_analyze" name="test_render_bar_figure_pdf_does_not_crash_with_none_values" time="0.005"><skipped type="pytest.skip" message="matplotlib not installed in this environment">/mnt/c/Users/t-fhabibi/CodeWeaver/tests/experiments/test_analyze.py:1572: matplotlib not installed in this environment</skipped></testcase><testcase classname="tests.experiments.test_analyze" name="test_run_analysis_measured_data_writes_real_tables" time="0.091" /><testcase classname="tests.experiments.test_analyze" name="test_run_analysis_paper_reference_never_blended_with_measured" time="0.001" /><testcase classname="tests.experiments.test_analyze" name="test_run_analysis_empty_data_watermarks_every_artifact" time="0.093" /><testcase classname="tests.experiments.test_analyze" name="test_run_analysis_on_empty_fail_aborts_without_writing_anything" time="0.002" /><testcase classname="tests.experiments.test_analyze" name="test_run_analysis_on_empty_fail_succeeds_when_raw_present_but_test_comparisons_absent" time="0.102" /><testcase classname="tests.experiments.test_analyze" name="test_run_analysis_rejects_unknown_on_empty_value" time="0.002" /><testcase classname="tests.experiments.test_analyze" name="test_run_analysis_writes_schema_validation_errors_in_provenance" time="0.093" /><testcase classname="tests.experiments.test_analyze" name="test_run_analysis_completeness_reflects_manifest_and_rows" time="0.090" /><testcase classname="tests.experiments.test_analyze" name="test_run_analysis_project_ids_filters_every_output" time="0.097" /><testcase classname="tests.experiments.test_analyze" name="test_run_analysis_primary_variant_selects_single_table1_table2_row_set" time="0.094" /><testcase classname="tests.experiments.test_analyze" name="test_run_analysis_table2_watermarked_when_test_comparisons_only_cover_other_variant" time="0.088" /><testcase classname="tests.experiments.test_analyze" name="test_parse_variants_all_and_explicit_list" time="0.000" /><testcase classname="tests.experiments.test_analyze" name="test_parse_variants_rejects_unknown" time="0.000" /><testcase classname="tests.experiments.test_analyze" name="test_parse_primary_variant_accepts_known_variant" time="0.000" /><testcase classname="tests.experiments.test_analyze" name="test_parse_primary_variant_rejects_unknown" time="0.000" /><testcase classname="tests.experiments.test_analyze" name="test_parse_primary_repetition_parses_int" time="0.000" /><testcase classname="tests.experiments.test_analyze" name="test_parse_primary_repetition_all_means_none" time="0.000" /><testcase classname="tests.experiments.test_analyze" name="test_parse_primary_repetition_rejects_invalid" time="0.000" /><testcase classname="tests.experiments.test_analyze" name="test_build_parser_defaults" time="0.001" /><testcase classname="tests.experiments.test_analyze" name="test_cli_main_project_flag_filters_every_output" time="0.098" /><testcase classname="tests.experiments.test_analyze" name="test_cli_main_primary_variant_and_repetition_flags_reach_run_analysis" time="0.105" /><testcase classname="tests.experiments.test_analyze" name="test_cli_main_rejects_unknown_primary_variant" time="0.011" /><testcase classname="tests.experiments.test_analyze" name="test_cli_main_writes_artifacts_and_returns_zero" time="0.097" /><testcase classname="tests.experiments.test_analyze" name="test_cli_main_returns_nonzero_on_empty_fail" time="0.011" /><testcase classname="tests.experiments.test_analyze" name="test_cli_main_accepts_pricing_flag" time="0.096" /><testcase classname="tests.experiments.test_baseline_replay" name="test_resolves_all_four_released_target_families" time="0.020" /><testcase classname="tests.experiments.test_baseline_replay" name="test_prior_crust_is_unavailable_even_when_stub_scaffold_exists" time="0.009" /><testcase classname="tests.experiments.test_baseline_replay" name="test_missing_recodeagent_target_is_explicit_missing" time="0.003" /><testcase classname="tests.experiments.test_baseline_replay" name="test_missing_recodeagent_target_writes_failure_evidence" time="0.065" /><testcase classname="tests.experiments.test_baseline_replay" name="test_skel_entrypoint_adaptation_preserves_original[recodeagent-source.js]" time="0.017" /><testcase classname="tests.experiments.test_baseline_replay" name="test_skel_entrypoint_adaptation_preserves_original[prior-translated.js]" time="0.015" /><testcase classname="tests.experiments.test_baseline_replay" name="test_replay_labels_systems_writes_complete_outputs_and_never_mutates_sources" time="0.136" /><testcase classname="tests.experiments.test_baseline_replay" name="test_cli_parser_accepts_all_replay_inputs" time="0.001" /><testcase classname="tests.experiments.test_baseline_replay" name="test_cli_parser_rejects_unknown_or_duplicate_systems" time="0.002" /><testcase classname="tests.experiments.test_baseline_replay" name="test_keep_materialized_root_refuses_ambiguous_or_official_locations" time="0.005" /><testcase classname="tests.experiments.test_cli" name="test_stage_modules_and_summaries_have_identical_keys" time="0.000" /><testcase classname="tests.experiments.test_cli" name="test_stage_modules_are_all_importable" time="0.000" /><testcase classname="tests.experiments.test_cli" name="test_stage_aliases_map_to_known_canonical_stage_names" time="0.000" /><testcase classname="tests.experiments.test_cli" name="test_expected_stages_present_in_expected_order" time="0.000" /><testcase classname="tests.experiments.test_cli" name="test_resolve_stage_known_name" time="0.000" /><testcase classname="tests.experiments.test_cli" name="test_resolve_stage_alias_normalizes_to_canonical" time="0.000" /><testcase classname="tests.experiments.test_cli" name="test_resolve_stage_unknown_returns_none" time="0.000" /><testcase classname="tests.experiments.test_cli" name="test_main_no_args_prints_help_and_returns_zero" time="0.001" /><testcase classname="tests.experiments.test_cli" name="test_main_help_flag_prints_help_and_returns_zero" time="0.001" /><testcase classname="tests.experiments.test_cli" name="test_main_short_help_flag_also_recognized" time="0.001" /><testcase classname="tests.experiments.test_cli" name="test_main_lists_every_stage_in_help_text" time="0.001" /><testcase classname="tests.experiments.test_cli" name="test_main_unknown_stage_returns_two_and_reports_valid_stages" time="0.001" /><testcase classname="tests.experiments.test_cli" name="test_main_reads_sys_argv_when_argv_is_none" time="0.001" /><testcase classname="tests.experiments.test_cli" name="test_main_dispatches_to_stage_module_and_forwards_argv" time="0.000" /><testcase classname="tests.experiments.test_cli" name="test_main_returns_stage_module_exit_code_verbatim" time="0.000" /><testcase classname="tests.experiments.test_cli" name="test_main_coerces_non_int_return_value_to_int" time="0.000" /><testcase classname="tests.experiments.test_cli" name="test_main_dispatches_via_hyphenated_alias" time="0.000" /><testcase classname="tests.experiments.test_cli" name="test_main_dispatches_via_underscore_alias" time="0.000" /><testcase classname="tests.experiments.test_cli" name="test_main_empty_forwarded_argv_when_stage_only" time="0.000" /><testcase classname="tests.experiments.test_cli" name="test_every_stage_help_dispatch_exits_zero[acquire]" time="0.002" /><testcase classname="tests.experiments.test_cli" name="test_every_stage_help_dispatch_exits_zero[manifest]" time="0.001" /><testcase classname="tests.experiments.test_cli" name="test_every_stage_help_dispatch_exits_zero[prepare]" time="0.001" /><testcase classname="tests.experiments.test_cli" name="test_every_stage_help_dispatch_exits_zero[run]" time="0.002" /><testcase classname="tests.experiments.test_cli" name="test_every_stage_help_dispatch_exits_zero[collect]" time="0.002" /><testcase classname="tests.experiments.test_cli" name="test_every_stage_help_dispatch_exits_zero[merge-collections]" time="0.001" /><testcase classname="tests.experiments.test_cli" name="test_every_stage_help_dispatch_exits_zero[test-compare]" time="0.002" /><testcase classname="tests.experiments.test_cli" name="test_every_stage_help_dispatch_exits_zero[paper-test-compare]" time="0.001" /><testcase classname="tests.experiments.test_cli" name="test_every_stage_help_dispatch_exits_zero[merge-paper]" time="0.001" /><testcase classname="tests.experiments.test_cli" name="test_every_stage_help_dispatch_exits_zero[analyze]" time="0.002" /><testcase classname="tests.experiments.test_cli" name="test_every_stage_help_dispatch_exits_zero[compare-systems]" time="0.002" /><testcase classname="tests.experiments.test_cli" name="test_every_stage_help_dispatch_exits_zero[report]" time="0.002" /><testcase classname="tests.experiments.test_cli" name="test_every_stage_help_dispatch_exits_zero[conference-paper]" time="0.001" /><testcase classname="tests.experiments.test_cli" name="test_every_stage_help_dispatch_exits_zero[package]" time="0.002" /><testcase classname="tests.experiments.test_cli" name="test_dunder_main_module_exposes_cli_main" time="0.012" /><testcase classname="tests.experiments.test_collect" name="test_copy_evaluation_tree_skips_runtime_special_files" time="0.005" /><testcase classname="tests.experiments.test_collect" name="test_parse_cargo_test_output_single_binary" time="0.001" /><testcase classname="tests.experiments.test_collect" name="test_parse_cargo_test_output_sums_multiple_binaries" time="0.000" /><testcase classname="tests.experiments.test_collect" name="test_parse_cargo_test_output_none_when_unrecognized" time="0.000" /><testcase classname="tests.experiments.test_collect" name="test_parse_python_unittest_output_ok" time="0.000" /><testcase classname="tests.experiments.test_collect" name="test_parse_python_unittest_output_failed" time="0.001" /><testcase classname="tests.experiments.test_collect" name="test_parse_python_unittest_output_none_when_unrecognized" time="0.000" /><testcase classname="tests.experiments.test_collect" name="test_parse_jest_output_ok" time="0.001" /><testcase classname="tests.experiments.test_collect" name="test_parse_jest_output_with_failures_and_skips" time="0.000" /><testcase classname="tests.experiments.test_collect" name="test_parse_jest_output_none_when_unrecognized" time="0.000" /><testcase classname="tests.experiments.test_collect" name="test_parse_node_tap_output_ok" time="0.000" /><testcase classname="tests.experiments.test_collect" name="test_parse_node_tap_output_none_when_unrecognized" time="0.000" /><testcase classname="tests.experiments.test_collect" name="test_parse_pytest_output_all_passed" time="0.001" /><testcase classname="tests.experiments.test_collect" name="test_parse_pytest_output_passed_and_failed" time="0.000" /><testcase classname="tests.experiments.test_collect" name="test_parse_pytest_output_errors_count_as_failed" time="0.000" /><testcase classname="tests.experiments.test_collect" name="test_parse_pytest_output_skipped_excluded_from_total" time="0.000" /><testcase classname="tests.experiments.test_collect" name="test_parse_pytest_output_no_tests_ran_is_a_real_zero_not_unavailable" time="0.000" /><testcase classname="tests.experiments.test_collect" name="test_parse_pytest_output_none_when_unrecognized" time="0.001" /><testcase classname="tests.experiments.test_collect" name="test_parse_test_output_dispatches_by_tool" time="0.000" /><testcase classname="tests.experiments.test_collect" name="test_parse_test_output_unknown_tool_returns_none" time="0.000" /><testcase classname="tests.experiments.test_collect" name="test_parse_test_output_dataset_spec_override" time="0.000" /><testcase classname="tests.experiments.test_collect" name="test_parse_test_output_pytest_override_for_alphatrans_independent_oracle" time="0.000" /><testcase classname="tests.experiments.test_collect" name="test_parse_coverage_py_json_ok" time="0.000" /><testcase classname="tests.experiments.test_collect" name="test_parse_coverage_py_json_malformed_returns_none" time="0.000" /><testcase classname="tests.experiments.test_collect" name="test_parse_tarpaulin_json_ok" time="0.000" /><testcase classname="tests.experiments.test_collect" name="test_parse_tarpaulin_json_malformed_returns_none" time="0.000" /><testcase classname="tests.experiments.test_collect" name="test_parse_istanbul_summary_json_ok" time="0.000" /><testcase classname="tests.experiments.test_collect" name="test_parse_istanbul_summary_json_missing_keys_returns_none" time="0.000" /><testcase classname="tests.experiments.test_collect" name="test_crust_paper_coverage_pair_unions_developer_and_generated_lines" time="0.014" /><testcase classname="tests.experiments.test_collect" name="test_crust_codeweaver_coverage_preserves_generated_tests_in_developer_binary" time="0.013" /><testcase classname="tests.experiments.test_collect" name="test_coverage_py_production_percentage_excludes_test_trees" time="0.002" /><testcase classname="tests.experiments.test_collect" name="test_alphatrans_codeweaver_coverage_runs_selected_generated_nodeids" time="0.011" /><testcase classname="tests.experiments.test_collect" name="test_oxidizer_paper_coverage_pair_unions_developer_and_generated_lines" time="0.013" /><testcase classname="tests.experiments.test_collect" name="test_oxidizer_codeweaver_coverage_runs_only_selected_generated_test" time="0.013" /><testcase classname="tests.experiments.test_collect" name="test_skel_paper_coverage_pair_accumulates_generated_c8_data" time="0.028" /><testcase classname="tests.experiments.test_collect" name="test_skel_evaluator_suppresses_top_level_translated_test_runner" time="0.003" /><testcase classname="tests.experiments.test_collect" name="test_skel_codeweaver_coverage_uses_full_target_tree_and_generated_harness" time="0.013" /><testcase classname="tests.experiments.test_collect" name="test_scan_stub_markers_counts_rust_markers" time="0.003" /><testcase classname="tests.experiments.test_collect" name="test_scan_stub_markers_counts_python_markers" time="0.003" /><testcase classname="tests.experiments.test_collect" name="test_scan_stub_markers_zero_when_no_markers_present" time="0.003" /><testcase classname="tests.experiments.test_collect" name="test_scan_stub_markers_unavailable_for_unknown_language" time="0.002" /><testcase classname="tests.experiments.test_collect" name="test_scan_stub_markers_missing_when_root_absent" time="0.002" /><testcase classname="tests.experiments.test_collect" name="test_parse_full_pipeline_stdout_reconstructs_history" time="0.000" /><testcase classname="tests.experiments.test_collect" name="test_parse_full_pipeline_stdout_none_when_unrelated_text" time="0.000" /><testcase classname="tests.experiments.test_collect" name="test_parse_full_pipeline_stdout_none_when_empty" time="0.000" /><testcase classname="tests.experiments.test_collect" name="test_trajectory_from_full_pipeline_computes_loop_count_and_sec" time="0.000" /><testcase classname="tests.experiments.test_collect" name="test_trajectory_from_full_pipeline_no_parity_excludes_it" time="0.000" /><testcase classname="tests.experiments.test_collect" name="test_trajectory_from_full_pipeline_unavailable_without_stdout" time="0.000" /><testcase classname="tests.experiments.test_collect" name="test_trajectory_from_full_pipeline_skipped_stage_excluded_from_sec_nc_tec" time="0.000" /><testcase classname="tests.experiments.test_collect" name="test_trajectory_from_full_pipeline_skipped_validate_stage_excluded" time="0.000" /><testcase classname="tests.experiments.test_collect" name="test_trajectory_from_full_pipeline_no_skipped_stage_keeps_all_five" time="0.000" /><testcase classname="tests.experiments.test_collect" name="test_trajectory_from_calls_ablation_excludes_placeholder_from_tec" time="0.000" /><testcase classname="tests.experiments.test_collect" name="test_trajectory_from_calls_placeholder_stage_never_counted_as_executed_node" time="0.000" /><testcase classname="tests.experiments.test_collect" name="test_trajectory_from_calls_baseagent_single_node" time="0.000" /><testcase classname="tests.experiments.test_collect" name="test_trajectory_from_calls_empty_is_unavailable" time="0.001" /><testcase classname="tests.experiments.test_collect" name="test_collect_jsonl_tool_rollup_sums_across_role_files" time="0.003" /><testcase classname="tests.experiments.test_collect" name="test_collect_jsonl_tool_rollup_includes_tokens_when_present" time="0.003" /><testcase classname="tests.experiments.test_collect" name="test_collect_jsonl_tool_rollup_unique_invocations_are_exact" time="0.003" /><testcase classname="tests.experiments.test_collect" name="test_collect_jsonl_tool_rollup_unavailable_when_no_logs_dir" time="0.002" /><testcase classname="tests.experiments.test_collect" name="test_evaluate_build_not_applicable_when_no_cmd_configured" time="0.002" /><testcase classname="tests.experiments.test_collect" name="test_evaluate_build_missing_when_target_dir_absent" time="0.002" /><testcase classname="tests.experiments.test_collect" name="test_evaluate_build_measured_success" time="0.002" /><testcase classname="tests.experiments.test_collect" name="test_evaluate_build_measured_failure_is_false_not_missing" time="0.002" /><testcase classname="tests.experiments.test_collect" name="test_evaluate_build_timeout_is_error_status" time="0.002" /><testcase classname="tests.experiments.test_collect" name="test_evaluate_tests_not_applicable_when_no_cmd" time="0.002" /><testcase classname="tests.experiments.test_collect" name="test_evaluate_tests_missing_when_target_absent" time="0.002" /><testcase classname="tests.experiments.test_collect" name="test_evaluate_tests_measured_when_parseable" time="0.002" /><testcase classname="tests.experiments.test_collect" name="test_evaluate_tests_unavailable_when_output_unrecognized" time="0.002" /><testcase classname="tests.experiments.test_collect" name="test_evaluate_tests_error_on_exec_error" time="0.002" /><testcase classname="tests.experiments.test_collect" name="test_evaluate_tests_unavailable_reason_includes_compiler_error_snippet_when_present" time="0.003" /><testcase classname="tests.experiments.test_collect" name="test_evaluate_tests_unavailable_reason_has_no_snippet_when_output_is_entirely_blank" time="0.002" /><testcase classname="tests.experiments.test_collect" name="test_evaluate_tests_never_sets_failed_to_measured_expected_on_compile_failure" time="0.002" /><testcase classname="tests.experiments.test_collect" name="test_extract_compiler_error_snippet_rust_error_code_line" time="0.000" /><testcase classname="tests.experiments.test_collect" name="test_extract_compiler_error_snippet_rust_plain_error_line" time="0.000" /><testcase classname="tests.experiments.test_collect" name="test_extract_compiler_error_snippet_prefers_named_exception_over_traceback_preamble" time="0.000" /><testcase classname="tests.experiments.test_collect" name="test_extract_compiler_error_snippet_falls_back_to_traceback_preamble_when_no_named_exception" time="0.000" /><testcase classname="tests.experiments.test_collect" name="test_extract_compiler_error_snippet_js_style_reference_error" time="0.000" /><testcase classname="tests.experiments.test_collect" name="test_extract_compiler_error_snippet_prefers_last_specific_line_when_several_present" time="0.000" /><testcase classname="tests.experiments.test_collect" name="test_extract_compiler_error_snippet_falls_back_to_last_nonblank_line_when_unrecognized" time="0.000" /><testcase classname="tests.experiments.test_collect" name="test_extract_compiler_error_snippet_none_when_both_streams_blank" time="0.001" /><testcase classname="tests.experiments.test_collect" name="test_extract_compiler_error_snippet_truncates_long_lines" time="0.000" /><testcase classname="tests.experiments.test_collect" name="test_compute_pass_rate_measured" time="0.000" /><testcase classname="tests.experiments.test_collect" name="test_compute_pass_rate_zero_total_is_not_applicable" time="0.000" /><testcase classname="tests.experiments.test_collect" name="test_compute_pass_rate_missing_when_not_both_measured" time="0.000" /><testcase classname="tests.experiments.test_collect" name="test_evaluate_coverage_unavailable_when_not_configured" time="0.002" /><testcase classname="tests.experiments.test_collect" name="test_evaluate_coverage_measured_when_configured_and_parseable" time="0.003" /><testcase classname="tests.experiments.test_collect" name="test_evaluate_coverage_unavailable_when_unparseable" time="0.003" /><testcase classname="tests.experiments.test_collect" name="test_target_function_counts_rust" time="0.003" /><testcase classname="tests.experiments.test_collect" name="test_target_function_counts_missing_when_absent" time="0.002" /><testcase classname="tests.experiments.test_collect" name="test_target_function_counts_unavailable_unknown_language" time="0.002" /><testcase classname="tests.experiments.test_collect" name="test_target_test_counts_rust" time="0.002" /><testcase classname="tests.experiments.test_collect" name="test_milestone_validation_full_variant_reconstructs_from_history" time="0.002" /><testcase classname="tests.experiments.test_collect" name="test_milestone_validation_full_variant_missing_without_history" time="0.002" /><testcase classname="tests.experiments.test_collect" name="test_milestone_validation_baseagent_single_synthetic_milestone" time="0.000" /><testcase classname="tests.experiments.test_collect" name="test_milestone_validation_baseagent_missing_without_final_call" time="0.001" /><testcase classname="tests.experiments.test_collect" name="test_milestone_validation_noanalyzer_uses_real_granularity_not_single_synthetic" time="0.003" /><testcase classname="tests.experiments.test_collect" name="test_milestone_validation_noplanning_uses_real_granularity_not_single_synthetic" time="0.002" /><testcase classname="tests.experiments.test_collect" name="test_milestone_validation_novalidator_passed_is_missing_not_zero" time="0.002" /><testcase classname="tests.experiments.test_collect" name="test_milestone_validation_dispatch_is_data_driven_not_purely_variant_driven" time="0.002" /><testcase classname="tests.experiments.test_collect" name="test_reference_project_dir_resolves_case_insensitively" time="0.005" /><testcase classname="tests.experiments.test_collect" name="test_reference_project_dir_none_when_root_missing" time="0.000" /><testcase classname="tests.experiments.test_collect" name="test_reference_project_dir_none_when_project_missing" time="0.002" /><testcase classname="tests.experiments.test_collect" name="test_reference_project_dir_none_when_tool_dir_absent" time="0.004" /><testcase classname="tests.experiments.test_collect" name="test_crust_contract_relpaths_collects_top_level_files_and_contract_dirs" time="0.005" /><testcase classname="tests.experiments.test_collect" name="test_crust_contract_relpaths_empty_when_no_contract_files_present" time="0.003" /><testcase classname="tests.experiments.test_collect" name="test_strip_rust_test_items_preserves_production_items" time="0.011" /><testcase classname="tests.experiments.test_collect" name="test_crust_oracle_integrity_pristine_when_contract_matches" time="0.004" /><testcase classname="tests.experiments.test_collect" name="test_crust_oracle_integrity_mutated_when_contract_differs" time="0.003" /><testcase classname="tests.experiments.test_collect" name="test_crust_oracle_integrity_not_copied_when_target_missing_contract_path" time="0.003" /><testcase classname="tests.experiments.test_collect" name="test_crust_oracle_integrity_not_applicable_when_no_scaffold" time="0.002" /><testcase classname="tests.experiments.test_collect" name="test_crust_oracle_integrity_unavailable_when_scaffold_has_no_contract_paths" time="0.003" /><testcase classname="tests.experiments.test_collect" name="test_crust_oracle_integrity_missing_when_target_absent" time="0.002" /><testcase classname="tests.experiments.test_collect" name="test_crust_validated_tests_eval_uses_pristine_content_despite_mutated_target" time="0.015" /><testcase classname="tests.experiments.test_collect" name="test_crust_validated_tests_eval_unavailable_when_scaffold_has_no_contract" time="0.004" /><testcase classname="tests.experiments.test_collect" name="test_crust_validated_tests_eval_not_applicable_without_scaffold" time="0.004" /><testcase classname="tests.experiments.test_collect" name="test_crust_binary_test_harnesses_empty_when_no_bin_dir" time="0.002" /><testcase classname="tests.experiments.test_collect" name="test_crust_binary_test_harnesses_detects_file_with_no_test_attribute" time="0.005" /><testcase classname="tests.experiments.test_collect" name="test_crust_binary_test_harnesses_excludes_file_with_test_attribute" time="0.004" /><testcase classname="tests.experiments.test_collect" name="test_crust_binary_test_harnesses_mixed_bin_dir_only_returns_no_test_files" time="0.004" /><testcase classname="tests.experiments.test_collect" name="test_crust_validated_tests_expected_native_includes_binary_harness_count" time="0.005" /><testcase classname="tests.experiments.test_collect" name="test_crust_run_binary_test_harnesses_empty_names_is_measured_zero" time="0.000" /><testcase classname="tests.experiments.test_collect" name="test_crust_run_binary_test_harnesses_counts_pass_and_fail_by_exit_code" time="0.002" /><testcase classname="tests.experiments.test_collect" name="test_crust_run_binary_test_harnesses_uses_dataset_spec_override_template" time="0.002" /><testcase classname="tests.experiments.test_collect" name="test_crust_run_binary_test_harnesses_records_reason_on_partial_spawn_failure" time="0.002" /><testcase classname="tests.experiments.test_collect" name="test_crust_run_binary_test_harnesses_error_when_every_binary_fails_to_run" time="0.002" /><testcase classname="tests.experiments.test_collect" name="test_merge_test_counts_sums_when_both_measured" time="0.000" /><testcase classname="tests.experiments.test_collect" name="test_merge_test_counts_inherits_a_when_a_not_measured" time="0.000" /><testcase classname="tests.experiments.test_collect" name="test_merge_test_counts_inherits_b_when_only_b_not_measured" time="0.000" /><testcase classname="tests.experiments.test_collect" name="test_read_crust_paper_expected_tests_json_flat_object" time="0.003" /><testcase classname="tests.experiments.test_collect" name="test_read_crust_paper_expected_tests_json_none_when_not_object" time="0.002" /><testcase classname="tests.experiments.test_collect" name="test_read_crust_paper_expected_tests_json_none_when_malformed" time="0.002" /><testcase classname="tests.experiments.test_collect" name="test_read_crust_paper_expected_tests_csv_header_columns" time="0.002" /><testcase classname="tests.experiments.test_collect" name="test_read_crust_paper_expected_tests_csv_positional_fallback_for_two_columns" time="0.002" /><testcase classname="tests.experiments.test_collect" name="test_read_crust_paper_expected_tests_csv_none_when_columns_unidentifiable" time="0.002" /><testcase classname="tests.experiments.test_collect" name="test_read_crust_paper_expected_tests_xlsx_reads_named_sheet" time="0.007"><skipped type="pytest.skip" message="openpyxl not installed in this environment">/mnt/c/Users/t-fhabibi/CodeWeaver/tests/experiments/test_collect.py:1699: openpyxl not installed in this environment</skipped></testcase><testcase classname="tests.experiments.test_collect" name="test_read_crust_paper_expected_tests_xlsx_case_insensitive_sheet_name" time="0.006"><skipped type="pytest.skip" message="openpyxl not installed in this environment">/mnt/c/Users/t-fhabibi/CodeWeaver/tests/experiments/test_collect.py:1717: openpyxl not installed in this environment</skipped></testcase><testcase classname="tests.experiments.test_collect" name="test_read_crust_paper_expected_tests_xlsx_missing_sheet_returns_none" time="0.006"><skipped type="pytest.skip" message="openpyxl not installed in this environment">/mnt/c/Users/t-fhabibi/CodeWeaver/tests/experiments/test_collect.py:1732: openpyxl not installed in this environment</skipped></testcase><testcase classname="tests.experiments.test_collect" name="test_read_crust_paper_expected_tests_xlsx_unavailable_without_openpyxl" time="0.002" /><testcase classname="tests.experiments.test_collect" name="test_read_crust_paper_expected_tests_dispatches_by_extension" time="0.003" /><testcase classname="tests.experiments.test_collect" name="test_read_crust_paper_expected_tests_missing_path_returns_none" time="0.003" /><testcase classname="tests.experiments.test_collect" name="test_crust_paper_expected_lookup_unavailable_when_mapping_none" time="0.000" /><testcase classname="tests.experiments.test_collect" name="test_crust_paper_expected_lookup_unavailable_when_mapping_empty" time="0.000" /><testcase classname="tests.experiments.test_collect" name="test_crust_paper_expected_lookup_unavailable_when_project_missing" time="0.000" /><testcase classname="tests.experiments.test_collect" name="test_crust_paper_expected_lookup_unavailable_when_project_not_found" time="0.000" /><testcase classname="tests.experiments.test_collect" name="test_crust_paper_expected_lookup_measured_case_and_whitespace_insensitive" time="0.000" /><testcase classname="tests.experiments.test_collect" name="test_crust_combine_expected_prefers_paper_when_measured" time="0.001" /><testcase classname="tests.experiments.test_collect" name="test_crust_combine_expected_falls_back_to_native_when_paper_unavailable" time="0.000" /><testcase classname="tests.experiments.test_collect" name="test_crust_combine_expected_inherits_native_status_when_neither_measured" time="0.000" /><testcase classname="tests.experiments.test_collect" name="test_crust_combine_expected_never_claims_native_equals_paper_when_both_measured_and_differ" time="0.000" /><testcase classname="tests.experiments.test_collect" name="test_crust_validated_tests_eval_runs_binary_harness_for_libfor_like_project" time="0.009" /><testcase classname="tests.experiments.test_collect" name="test_crust_validated_tests_eval_skips_binary_harness_when_cargo_test_not_measured" time="0.010" /><testcase classname="tests.experiments.test_collect" name="test_crust_validated_tests_eval_prefers_paper_aligned_count_over_native" time="0.008" /><testcase classname="tests.experiments.test_collect" name="test_crust_validated_tests_eval_falls_back_to_native_when_no_paper_mapping" time="0.009" /><testcase classname="tests.experiments.test_collect" name="test_evaluate_independent_oracle_crust_threads_paper_expected_tests" time="0.009" /><testcase classname="tests.experiments.test_collect" name="test_collect_run_threads_crust_paper_expected_tests" time="0.021" /><testcase classname="tests.experiments.test_collect" name="test_build_parser_accepts_crust_paper_expected_tests" time="0.001" /><testcase classname="tests.experiments.test_collect" name="test_build_parser_crust_paper_expected_tests_defaults_to_none" time="0.001" /><testcase classname="tests.experiments.test_collect" name="test_cli_main_crust_paper_expected_tests_smoke" time="0.031" /><testcase classname="tests.experiments.test_collect" name="test_cli_main_warns_on_unparseable_crust_paper_expected_tests" time="0.028" /><testcase classname="tests.experiments.test_collect" name="test_oxidizer_reference_test_files_classifies_oracle_vs_harness_vs_excluded" time="0.008" /><testcase classname="tests.experiments.test_collect" name="test_oxidizer_reference_test_files_empty_when_ref_dir_none" time="0.000" /><testcase classname="tests.experiments.test_collect" name="test_oxidizer_reference_test_files_empty_when_no_tests_dir" time="0.003" /><testcase classname="tests.experiments.test_collect" name="test_read_name_mapping_reads_authoritative_plan_json_key" time="0.003" /><testcase classname="tests.experiments.test_collect" name="test_read_name_mapping_accepts_name_map_fallback_alias" time="0.004" /><testcase classname="tests.experiments.test_collect" name="test_read_name_mapping_prefers_name_mapping_over_name_map_when_both_present" time="0.003" /><testcase classname="tests.experiments.test_collect" name="test_read_name_mapping_empty_when_plan_json_missing" time="0.002" /><testcase classname="tests.experiments.test_collect" name="test_read_name_mapping_empty_when_plan_json_malformed" time="0.003" /><testcase classname="tests.experiments.test_collect" name="test_read_name_mapping_empty_when_top_level_not_a_dict" time="0.003" /><testcase classname="tests.experiments.test_collect" name="test_read_name_mapping_empty_when_name_mapping_key_not_a_dict" time="0.003" /><testcase classname="tests.experiments.test_collect" name="test_read_name_mapping_filters_non_string_values" time="0.003" /><testcase classname="tests.experiments.test_collect" name="test_build_identifier_rewrite_index_exact_keys_kept_verbatim" time="0.000" /><testcase classname="tests.experiments.test_collect" name="test_build_identifier_rewrite_index_normalized_fallback_added" time="0.000" /><testcase classname="tests.experiments.test_collect" name="test_build_identifier_rewrite_index_ambiguous_normalized_collision_dropped" time="0.000" /><testcase classname="tests.experiments.test_collect" name="test_build_identifier_rewrite_index_skips_non_string_entries" time="0.000" /><testcase classname="tests.experiments.test_collect" name="test_build_identifier_rewrite_index_empty_mapping_yields_empty_indexes" time="0.000" /><testcase classname="tests.experiments.test_collect" name="test_rust_source_code_mask_plain_call_site_is_code" time="0.000" /><testcase classname="tests.experiments.test_collect" name="test_rust_source_code_mask_excludes_line_comment" time="0.000" /><testcase classname="tests.experiments.test_collect" name="test_rust_source_code_mask_excludes_block_comment" time="0.000" /><testcase classname="tests.experiments.test_collect" name="test_rust_source_code_mask_handles_nested_block_comments" time="0.000" /><testcase classname="tests.experiments.test_collect" name="test_rust_source_code_mask_excludes_string_literal" time="0.000" /><testcase classname="tests.experiments.test_collect" name="test_rust_source_code_mask_excludes_byte_string_literal" time="0.000" /><testcase classname="tests.experiments.test_collect" name="test_rust_source_code_mask_excludes_raw_string_literal_with_hashes" time="0.000" /><testcase classname="tests.experiments.test_collect" name="test_rust_source_code_mask_excludes_char_literal" time="0.000" /><testcase classname="tests.experiments.test_collect" name="test_rust_source_code_mask_excludes_escaped_char_literals" time="0.001" /><testcase classname="tests.experiments.test_collect" name="test_rust_source_code_mask_excludes_lifetime_entirely" time="0.000" /><testcase classname="tests.experiments.test_collect" name="test_rust_source_code_mask_never_raises_on_unterminated_string" time="0.000" /><testcase classname="tests.experiments.test_collect" name="test_rewrite_identifiers_with_name_mapping_rewrites_call_site" time="0.000" /><testcase classname="tests.experiments.test_collect" name="test_rewrite_identifiers_with_name_mapping_never_touches_string_literal_or_comment" time="0.000" /><testcase classname="tests.experiments.test_collect" name="test_rewrite_identifiers_with_name_mapping_never_corrupts_a_colliding_lifetime" time="0.000" /><testcase classname="tests.experiments.test_collect" name="test_rewrite_identifiers_with_name_mapping_never_touches_char_literal_content" time="0.001" /><testcase classname="tests.experiments.test_collect" name="test_rewrite_identifiers_with_name_mapping_normalized_fallback_case_insensitive" time="0.000" /><testcase classname="tests.experiments.test_collect" name="test_rewrite_identifiers_with_name_mapping_protects_fixture_symbols_and_use_lines" time="0.000" /><testcase classname="tests.experiments.test_collect" name="test_rewrite_identifiers_with_name_mapping_ignores_non_rust_target_description" time="0.000" /><testcase classname="tests.experiments.test_collect" name="test_rewrite_rust_use_paths_imports_owner_for_associated_function" time="0.001" /><testcase classname="tests.experiments.test_collect" name="test_rewrite_rust_use_paths_honors_public_reexport_for_identity_name" time="0.000" /><testcase classname="tests.experiments.test_collect" name="test_add_rust_trait_imports_adds_unambiguous_method_trait" time="0.000" /><testcase classname="tests.experiments.test_collect" name="test_add_rust_trait_imports_does_not_duplicate_braced_import" time="0.000" /><testcase classname="tests.experiments.test_collect" name="test_rewrite_rust_field_accesses_is_context_specific" time="0.001" /><testcase classname="tests.experiments.test_collect" name="test_derive_rust_field_mapping_uses_public_target_fields" time="0.004" /><testcase classname="tests.experiments.test_collect" name="test_rewrite_identifiers_with_name_mapping_noop_when_mapping_empty" time="0.000" /><testcase classname="tests.experiments.test_collect" name="test_rewrite_identifiers_with_name_mapping_noop_when_no_token_matches" time="0.000" /><testcase classname="tests.experiments.test_collect" name="test_rewrite_identifiers_with_name_mapping_returns_sorted_applied_list" time="0.000" /><testcase classname="tests.experiments.test_collect" name="test_alphatrans_verified_test_dir_found" time="0.006" /><testcase classname="tests.experiments.test_collect" name="test_alphatrans_verified_test_dir_none_when_absent" time="0.003" /><testcase classname="tests.experiments.test_collect" name="test_alphatrans_verified_test_dir_none_when_ref_dir_none" time="0.000" /><testcase classname="tests.experiments.test_collect" name="test_alphatrans_agent_test_dir_found" time="0.013" /><testcase classname="tests.experiments.test_collect" name="test_alphatrans_agent_test_dir_none_when_absent" time="0.003" /><testcase classname="tests.experiments.test_collect" name="test_alphatrans_agent_test_dir_none_when_ref_dir_none" time="0.000" /><testcase classname="tests.experiments.test_collect" name="test_alphatrans_function_harness_files_nested_python_subdir_selects_generated_and_support" time="0.012" /><testcase classname="tests.experiments.test_collect" name="test_alphatrans_function_harness_files_flat_layout_selects_generated_excludes_official" time="0.009" /><testcase classname="tests.experiments.test_collect" name="test_alphatrans_function_harness_files_empty_when_agent_test_dir_none" time="0.000" /><testcase classname="tests.experiments.test_collect" name="test_alphatrans_function_harness_eval_copies_relative_structure_and_excludes_official_impl" time="0.027" /><testcase classname="tests.experiments.test_collect" name="test_alphatrans_function_harness_eval_unavailable_when_no_agent_test_dir" time="0.008" /><testcase classname="tests.experiments.test_collect" name="test_alphatrans_function_harness_eval_unavailable_when_ref_project_dir_none" time="0.004" /><testcase classname="tests.experiments.test_collect" name="test_skel_reference_javascript_dir_found" time="0.005" /><testcase classname="tests.experiments.test_collect" name="test_skel_reference_javascript_dir_none_when_absent" time="0.003" /><testcase classname="tests.experiments.test_collect" name="test_skel_reference_javascript_dir_none_when_ref_dir_none" time="0.000" /><testcase classname="tests.experiments.test_collect" name="test_skel_function_harness_files_selects_generated_excludes_source_and_helpers" time="0.005" /><testcase classname="tests.experiments.test_collect" name="test_skel_function_harness_files_empty_when_javascript_dir_none" time="0.000" /><testcase classname="tests.experiments.test_collect" name="test_skel_function_harness_eval_aliases_entry_file_and_aggregates_per_file_exit_codes" time="0.019" /><testcase classname="tests.experiments.test_collect" name="test_skel_function_harness_eval_entry_alias_is_a_copy_never_a_rename" time="0.023" /><testcase classname="tests.experiments.test_collect" name="test_skel_function_harness_removes_inline_reference_implementation" time="0.218" /><testcase classname="tests.experiments.test_collect" name="test_skel_function_harness_case_counts_unavailable_after_script_abort" time="0.081" /><testcase classname="tests.experiments.test_collect" name="test_skel_function_harness_eval_unavailable_when_no_generated_files_in_reference" time="0.008" /><testcase classname="tests.experiments.test_collect" name="test_skel_function_harness_eval_unavailable_when_ref_project_dir_none" time="0.004" /><testcase classname="tests.experiments.test_collect" name="test_skel_module_exports_names_recognizes_member_assignment_forms" time="0.002" /><testcase classname="tests.experiments.test_collect" name="test_skel_module_exports_names_object_literal_and_member_assignment_combine" time="0.002" /><testcase classname="tests.experiments.test_collect" name="test_skel_read_module_export_names_empty_when_file_missing" time="0.002" /><testcase classname="tests.experiments.test_collect" name="test_skel_read_module_export_names_empty_when_tree_sitter_unavailable" time="0.003" /><testcase classname="tests.experiments.test_collect" name="test_skel_read_module_export_names_reads_object_literal_exports" time="0.002" /><testcase classname="tests.experiments.test_collect" name="test_skel_read_module_export_names_reads_member_assignment_exports" time="0.002" /><testcase classname="tests.experiments.test_collect" name="test_skel_read_module_export_names_never_crashes_on_malformed_js" time="0.003" /><testcase classname="tests.experiments.test_collect" name="test_skel_is_pure_literal_expression_true_for_pure_data[const x = 1;]" time="0.001" /><testcase classname="tests.experiments.test_collect" name="test_skel_is_pure_literal_expression_true_for_pure_data[const x = -5;]" time="0.001" /><testcase classname="tests.experiments.test_collect" name="test_skel_is_pure_literal_expression_true_for_pure_data[const x = +5;]" time="0.001" /><testcase classname="tests.experiments.test_collect" name="test_skel_is_pure_literal_expression_true_for_pure_data[const x = 'hi';]" time="0.001" /><testcase classname="tests.experiments.test_collect" name="test_skel_is_pure_literal_expression_true_for_pure_data[const x = true;]" time="0.001" /><testcase classname="tests.experiments.test_collect" name="test_skel_is_pure_literal_expression_true_for_pure_data[const x = false;]" time="0.001" /><testcase classname="tests.experiments.test_collect" name="test_skel_is_pure_literal_expression_true_for_pure_data[const x = null;]" time="0.001" /><testcase classname="tests.experiments.test_collect" name="test_skel_is_pure_literal_expression_true_for_pure_data[const x = `hi`;]" time="0.001" /><testcase classname="tests.experiments.test_collect" name="test_skel_is_pure_literal_expression_true_for_pure_data[const x = [1, 2, [3, 4]];]" time="0.001" /><testcase classname="tests.experiments.test_collect" name="test_skel_is_pure_literal_expression_true_for_pure_data[const x = { a: 1, b: [2, 3] };]" time="0.001" /><testcase classname="tests.experiments.test_collect" name="test_skel_is_pure_literal_expression_true_for_pure_data[const x = {};]" time="0.001" /><testcase classname="tests.experiments.test_collect" name="test_skel_is_pure_literal_expression_true_for_pure_data[const x = [];]" time="0.001" /><testcase classname="tests.experiments.test_collect" name="test_skel_is_pure_literal_expression_true_for_pure_data[const x = [1, , 3];]" time="0.001" /><testcase classname="tests.experiments.test_collect" name="test_skel_is_pure_literal_expression_false_for_anything_referencing_outside_names[const x = someName;]" time="0.001" /><testcase classname="tests.experiments.test_collect" name="test_skel_is_pure_literal_expression_false_for_anything_referencing_outside_names[const x = someCall();]" time="0.001" /><testcase classname="tests.experiments.test_collect" name="test_skel_is_pure_literal_expression_false_for_anything_referencing_outside_names[const x = `hi ${name}`;]" time="0.001" /><testcase classname="tests.experiments.test_collect" name="test_skel_is_pure_literal_expression_false_for_anything_referencing_outside_names[const x = { a: someCall() };]" time="0.000" /><testcase classname="tests.experiments.test_collect" name="test_skel_is_pure_literal_expression_false_for_anything_referencing_outside_names[const x = { ...spreadMe };]" time="0.001" /><testcase classname="tests.experiments.test_collect" name="test_skel_is_pure_literal_expression_false_for_anything_referencing_outside_names[const x = { foo() { return 1; } };]" time="0.001" /><testcase classname="tests.experiments.test_collect" name="test_skel_is_pure_literal_expression_false_for_anything_referencing_outside_names[const x = { [computedKey]: 1 };]" time="0.001" /><testcase classname="tests.experiments.test_collect" name="test_skel_is_pure_literal_expression_false_for_anything_referencing_outside_names[const x = { bar };]" time="0.001" /><testcase classname="tests.experiments.test_collect" name="test_skel_is_pure_literal_expression_false_for_anything_referencing_outside_names[const x = [someName];]" time="0.001" /><testcase classname="tests.experiments.test_collect" name="test_skel_is_pure_literal_expression_false_for_anything_referencing_outside_names[const x = [...spreadArr];]" time="0.001" /><testcase classname="tests.experiments.test_collect" name="test_skel_top_level_literal_declarations_single_declarator_pure" time="0.002" /><testcase classname="tests.experiments.test_collect" name="test_skel_top_level_literal_declarations_excludes_multi_declarator_statement_entirely" time="0.002" /><testcase classname="tests.experiments.test_collect" name="test_skel_top_level_literal_declarations_excludes_non_literal_declarator" time="0.002" /><testcase classname="tests.experiments.test_collect" name="test_skel_free_identifiers_shorthand_value_position_is_a_reference" time="0.000" /><testcase classname="tests.experiments.test_collect" name="test_skel_free_identifiers_destructured_for_of_bindings_are_local" time="0.001" /><testcase classname="tests.experiments.test_collect" name="test_skel_free_identifiers_value_position_of_declarator_is_not_a_binding" time="0.000" /><testcase classname="tests.experiments.test_collect" name="test_skel_free_identifiers_nested_helper_function_name_is_local" time="0.000" /><testcase classname="tests.experiments.test_collect" name="test_skel_free_identifiers_object_assignment_pattern_binding_vs_default_value" time="0.000" /><testcase classname="tests.experiments.test_collect" name="test_skel_extract_verified_tests_classifies_extractable_vs_blocked" time="0.004" /><testcase classname="tests.experiments.test_collect" name="test_skel_extract_verified_tests_never_inlines_private_helper_body" time="0.003" /><testcase classname="tests.experiments.test_collect" name="test_skel_extract_verified_tests_zero_verified_names_yields_empty_outcome" time="0.003" /><testcase classname="tests.experiments.test_collect" name="test_skel_extract_verified_tests_none_when_tree_sitter_unavailable" time="0.003" /><testcase classname="tests.experiments.test_collect" name="test_skel_extract_verified_tests_none_when_source_js_missing" time="0.002" /><testcase classname="tests.experiments.test_collect" name="test_skel_extract_verified_tests_target_export_unblocks_non_exported_production_function" time="0.003" /><testcase classname="tests.experiments.test_collect" name="test_skel_extract_verified_tests_target_export_names_default_empty_matches_prior_behavior" time="0.003" /><testcase classname="tests.experiments.test_collect" name="test_skel_extract_verified_tests_target_export_names_does_not_unblock_unexported_private_helper" time="0.004" /><testcase classname="tests.experiments.test_collect" name="test_skel_extract_verified_tests_target_export_requires_source_js_declaration_too" time="0.003" /><testcase classname="tests.experiments.test_collect" name="test_skel_extract_verified_tests_literal_expectation_constant_is_extractable" time="0.003" /><testcase classname="tests.experiments.test_collect" name="test_skel_extract_verified_tests_never_leaks_non_pure_top_level_constant" time="0.003" /><testcase classname="tests.experiments.test_collect" name="test_skel_extract_verified_tests_combines_target_export_and_literal_and_builtin_in_one_test" time="0.003" /><testcase classname="tests.experiments.test_collect" name="test_skel_build_validated_harness_source_contains_expected_pieces" time="0.000" /><testcase classname="tests.experiments.test_collect" name="test_skel_build_validated_harness_source_zero_extractable_is_still_valid" time="0.000" /><testcase classname="tests.experiments.test_collect" name="test_skel_build_validated_harness_source_guards_target_load_failure" time="0.000" /><testcase classname="tests.experiments.test_collect" name="test_skel_build_validated_harness_source_includes_literal_support_lines_before_test_bodies" time="0.000" /><testcase classname="tests.experiments.test_collect" name="test_skel_parse_verified_test_names_filters_by_verified_column" time="0.003" /><testcase classname="tests.experiments.test_collect" name="test_skel_parse_verified_test_names_none_when_csv_missing" time="0.002" /><testcase classname="tests.experiments.test_collect" name="test_skel_parse_verified_test_names_none_when_expected_columns_missing" time="0.002" /><testcase classname="tests.experiments.test_collect" name="test_skel_parse_verified_test_names_empty_list_distinct_from_none" time="0.002" /><testcase classname="tests.experiments.test_collect" name="test_skel_parse_validated_test_names_includes_flag_zero_rows" time="0.002" /><testcase classname="tests.experiments.test_collect" name="test_skel_validated_tests_eval_unavailable_when_ref_project_dir_none" time="0.002" /><testcase classname="tests.experiments.test_collect" name="test_skel_validated_tests_eval_unavailable_when_csv_missing" time="0.004" /><testcase classname="tests.experiments.test_collect" name="test_skel_validated_tests_eval_flag_zero_rows_stay_in_fixed_denominator" time="0.007" /><testcase classname="tests.experiments.test_collect" name="test_skel_validated_tests_eval_unavailable_when_source_js_missing" time="0.006" /><testcase classname="tests.experiments.test_collect" name="test_skel_validated_tests_eval_unavailable_when_tree_sitter_missing" time="0.007" /><testcase classname="tests.experiments.test_collect" name="test_skel_validated_tests_eval_unavailable_when_all_verified_tests_blocked" time="0.008" /><testcase classname="tests.experiments.test_collect" name="test_skel_validated_tests_eval_missing_when_target_dir_absent" time="0.006" /><testcase classname="tests.experiments.test_collect" name="test_skel_validated_tests_eval_measured_and_never_leaks_source_js_or_mutates_target" time="0.011" /><testcase classname="tests.experiments.test_collect" name="test_skel_validated_tests_eval_partial_extraction_total_excludes_blocked_and_notes_reason" time="0.010" /><testcase classname="tests.experiments.test_collect" name="test_skel_validated_tests_eval_measured_for_no_module_exports_project_via_target_export_names" time="0.010" /><testcase classname="tests.experiments.test_collect" name="test_skel_validated_tests_eval_still_unavailable_when_target_does_not_export_matching_name" time="0.007" /><testcase classname="tests.experiments.test_collect" name="test_compute_not_executed_normal_subtraction_when_both_measured" time="0.000" /><testcase classname="tests.experiments.test_collect" name="test_compute_not_executed_clamped_to_zero_never_negative" time="0.000" /><testcase classname="tests.experiments.test_collect" name="test_compute_not_executed_propagates_expected_status_when_expected_not_measured" time="0.000" /><testcase classname="tests.experiments.test_collect" name="test_compute_not_executed_full_expected_count_when_executed_not_measured" time="0.000" /><testcase classname="tests.experiments.test_collect" name="test_compute_paper_pass_rate_normal_ratio_when_both_measured" time="0.000" /><testcase classname="tests.experiments.test_collect" name="test_compute_paper_pass_rate_propagates_expected_status_when_not_measured" time="0.000" /><testcase classname="tests.experiments.test_collect" name="test_compute_paper_pass_rate_not_applicable_when_expected_is_zero" time="0.000" /><testcase classname="tests.experiments.test_collect" name="test_compute_paper_pass_rate_zero_substituted_numerator_when_passed_not_measured" time="0.000" /><testcase classname="tests.experiments.test_collect" name="test_compute_paper_pass_rate_caps_credit_at_fixed_denominator" time="0.000" /><testcase classname="tests.experiments.test_collect" name="test_count_rust_test_attributes_counts_across_multiple_files" time="0.002" /><testcase classname="tests.experiments.test_collect" name="test_count_rust_test_attributes_tolerates_whitespace_variants" time="0.002" /><testcase classname="tests.experiments.test_collect" name="test_count_rust_test_attributes_skips_unreadable_file" time="0.002" /><testcase classname="tests.experiments.test_collect" name="test_count_python_test_functions_counts_pytest_and_unittest_style" time="0.002" /><testcase classname="tests.experiments.test_collect" name="test_count_python_test_functions_skips_file_with_syntax_error" time="0.002" /><testcase classname="tests.experiments.test_collect" name="test_count_python_test_functions_empty_for_no_paths" time="0.000" /><testcase classname="tests.experiments.test_collect" name="test_crust_validated_tests_expected_native_na_when_scaffold_missing" time="0.002" /><testcase classname="tests.experiments.test_collect" name="test_crust_validated_tests_expected_native_unavailable_when_no_rs_contract_paths" time="0.003" /><testcase classname="tests.experiments.test_collect" name="test_crust_validated_tests_expected_native_counts_test_attributes_in_contract_dirs" time="0.005" /><testcase classname="tests.experiments.test_collect" name="test_oxidizer_validated_tests_expected_unavailable_when_no_oracle_files" time="0.000" /><testcase classname="tests.experiments.test_collect" name="test_oxidizer_validated_tests_expected_counts_test_attributes" time="0.002" /><testcase classname="tests.experiments.test_collect" name="test_read_name_mapping_flattens_real_planner_categories" time="0.003" /><testcase classname="tests.experiments.test_collect" name="test_oxidizer_expected_prefers_paper_runtime_denominator" time="0.002" /><testcase classname="tests.experiments.test_collect" name="test_retain_named_rust_tests_removes_only_uninventoried_tests" time="0.000" /><testcase classname="tests.experiments.test_collect" name="test_rewrite_rust_use_paths_uses_target_public_module_index" time="0.005" /><testcase classname="tests.experiments.test_collect" name="test_oxidizer_reference_inventory_reads_curated_mapping" time="0.003" /><testcase classname="tests.experiments.test_collect" name="test_alphatrans_validated_tests_expected_unavailable_when_verified_dir_none" time="0.000" /><testcase classname="tests.experiments.test_collect" name="test_alphatrans_validated_tests_expected_unavailable_when_no_py_files" time="0.003" /><testcase classname="tests.experiments.test_collect" name="test_alphatrans_validated_tests_expected_counts_test_functions" time="0.003" /><testcase classname="tests.experiments.test_collect" name="test_evaluate_independent_oracle_oxidizer_never_leaks_reference_impl_or_cargo" time="0.029" /><testcase classname="tests.experiments.test_collect" name="test_evaluate_independent_oracle_oxidizer_unavailable_without_reference_root" time="0.004" /><testcase classname="tests.experiments.test_collect" name="test_evaluate_independent_oracle_oxidizer_name_mapping_fixes_idiomatic_naming_mismatch" time="0.015" /><testcase classname="tests.experiments.test_collect" name="test_evaluate_independent_oracle_oxidizer_derives_unambiguous_name_mapping" time="0.015" /><testcase classname="tests.experiments.test_collect" name="test_evaluate_with_replaced_subdir_name_mapping_none_is_byte_identical_to_before" time="0.006" /><testcase classname="tests.experiments.test_collect" name="test_evaluate_with_replaced_subdir_name_mapping_empty_dict_is_also_byte_identical" time="0.006" /><testcase classname="tests.experiments.test_collect" name="test_evaluate_with_replaced_subdir_name_mapping_noop_file_falls_back_to_byte_copy" time="0.007" /><testcase classname="tests.experiments.test_collect" name="test_evaluate_with_replaced_subdir_stages_and_protects_rust_fixture_module" time="0.009" /><testcase classname="tests.experiments.test_collect" name="test_evaluate_independent_oracle_alphatrans_never_leaks_reference_python_impl" time="0.015" /><testcase classname="tests.experiments.test_collect" name="test_evaluate_independent_oracle_alphatrans_function_harness_tests_measured_when_agent_test_present" time="0.030" /><testcase classname="tests.experiments.test_collect" name="test_evaluate_independent_oracle_alphatrans_unavailable_without_reference_root" time="0.005" /><testcase classname="tests.experiments.test_collect" name="test_evaluate_independent_oracle_skel_always_unavailable_regardless_of_reference_root" time="0.005" /><testcase classname="tests.experiments.test_collect" name="test_evaluate_independent_oracle_skel_function_harness_tests_measured_when_javascript_generated_present" time="0.021" /><testcase classname="tests.experiments.test_collect" name="test_evaluate_independent_oracle_skel_validated_tests_measured_with_reference_csv_and_source" time="0.020" /><testcase classname="tests.experiments.test_collect" name="test_evaluate_independent_oracle_crust_uses_scaffold_regardless_of_reference_results_root" time="0.007" /><testcase classname="tests.experiments.test_collect" name="test_collect_run_validated_tests_unavailable_not_zero_without_reference_root" time="0.010" /><testcase classname="tests.experiments.test_collect" name="test_collect_run_threads_reference_results_root_into_crust_validated_tests" time="0.024" /><testcase classname="tests.experiments.test_collect" name="test_collect_run_function_harness_tests_measured_for_alphatrans_agent_test" time="0.048" /><testcase classname="tests.experiments.test_collect" name="test_collect_run_function_harness_tests_measured_for_skel_generated_js" time="0.028" /><testcase classname="tests.experiments.test_collect" name="test_collect_run_validated_tests_measured_for_skel_with_reference_csv" time="0.022" /><testcase classname="tests.experiments.test_collect" name="test_build_parser_accepts_reference_results_root" time="0.002" /><testcase classname="tests.experiments.test_collect" name="test_build_parser_reference_results_root_defaults_to_none" time="0.001" /><testcase classname="tests.experiments.test_collect" name="test_collect_run_raises_skip_when_run_dir_missing" time="0.002" /><testcase classname="tests.experiments.test_collect" name="test_collect_run_raises_skip_when_no_state_file" time="0.003" /><testcase classname="tests.experiments.test_collect" name="test_collect_run_raises_skip_when_not_terminal" time="0.008" /><testcase classname="tests.experiments.test_collect" name="test_collect_run_measures_build_and_tests_for_full_variant" time="0.009" /><testcase classname="tests.experiments.test_collect" name="test_collect_run_reports_missing_not_zero_when_nothing_produced" time="0.007" /><testcase classname="tests.experiments.test_collect" name="test_collect_run_uses_scaffold_as_baseline_when_present" time="0.008" /><testcase classname="tests.experiments.test_collect" name="test_co
[...]
agent_call_from_agent_result_timeout_sentinel" time="0.000" /><testcase classname="tests.experiments.test_run" name="test_agent_call_placeholder_is_ok_and_labeled" time="0.000" /><testcase classname="tests.experiments.test_run" name="test_placeholder_report_json_is_valid_json_and_labeled" time="0.000" /><testcase classname="tests.experiments.test_run" name="test_placeholder_plan_json_is_valid_json_and_labeled" time="0.000" /><testcase classname="tests.experiments.test_run" name="test_stage_ablation_uses_full_cli_with_exact_skip[noanalyzer-analyze]" time="0.902" /><testcase classname="tests.experiments.test_run" name="test_stage_ablation_uses_full_cli_with_exact_skip[noplanning-plan]" time="0.823" /><testcase classname="tests.experiments.test_run" name="test_stage_ablation_uses_full_cli_with_exact_skip[novalidator-validate]" time="0.839" /><testcase classname="tests.experiments.test_run" name="test_config_reads_stage_ablation_from_environment" time="0.016" /><testcase classname="tests.experiments.test_run" name="test_config_rejects_unknown_stage_ablation" time="0.015" /><testcase classname="tests.experiments.test_run" name="test_baseagent_condensed_makes_exactly_one_raw_call" time="0.044" /><testcase classname="tests.experiments.test_run" name="test_copilot_event_error_prefers_actionable_session_failure" time="0.000" /><testcase classname="tests.experiments.test_run" name="test_copilot_event_error_falls_back_to_model_failure" time="0.000" /><testcase classname="tests.experiments.test_run" name="test_baseagent_concat_prompt_mentions_all_six_responsibilities" time="0.016" /><testcase classname="tests.experiments.test_run" name="test_baseagent_condensed_prompt_mentions_final_parity_check" time="0.018" /><testcase classname="tests.experiments.test_run" name="test_baseagent_condensed_and_concat_prompts_differ" time="0.016" /><testcase classname="tests.experiments.test_run" name="test_describe_plan_full" time="0.013" /><testcase classname="tests.experiments.test_run" name="test_describe_plan_ablation_marks_skipped_stage" time="0.014" /><testcase classname="tests.experiments.test_run" name="test_describe_plan_baseagent" time="0.014" /><testcase classname="tests.experiments.test_run" name="test_run_one_full_success_marks_completed" time="0.852" /><testcase classname="tests.experiments.test_run" name="test_run_one_is_idempotent_by_default" time="0.820" /><testcase classname="tests.experiments.test_run" name="test_run_one_preserves_terminal_non_success_by_default[failed]" time="0.019" /><testcase classname="tests.experiments.test_run" name="test_run_one_preserves_terminal_non_success_by_default[timeout]" time="0.018" /><testcase classname="tests.experiments.test_run" name="test_run_one_does_not_restart_cell_already_marked_running" time="0.018" /><testcase classname="tests.experiments.test_run" name="test_run_one_resume_running_is_explicit_opt_in" time="0.891" /><testcase classname="tests.experiments.test_run" name="test_run_one_never_resumes_a_shard_reservation" time="0.020" /><testcase classname="tests.experiments.test_run" name="test_run_one_force_re_executes" time="1.699" /><testcase classname="tests.experiments.test_run" name="test_run_one_records_timeout_status" time="0.825" /><testcase classname="tests.experiments.test_run" name="test_run_one_records_failed_status_on_nonzero_exit" time="0.828" /><testcase classname="tests.experiments.test_run" name="test_run_one_ablation_success_marks_completed" time="0.905" /><testcase classname="tests.experiments.test_run" name="test_run_one_ablation_retry_preserves_burr_state" time="1.679" /><testcase classname="tests.experiments.test_run" name="test_run_one_full_variant_retry_preserves_existing_state_for_resumability" time="1.646" /><testcase classname="tests.experiments.test_run" name="test_run_one_catches_orchestration_exceptions_as_failed" time="0.842" /><testcase classname="tests.experiments.test_run" name="test_run_one_dry_run_touches_nothing" time="0.014" /><testcase classname="tests.experiments.test_run" name="test_run_one_dry_run_unprepared_project_reports_error_not_raise" time="0.002" /><testcase classname="tests.experiments.test_run" name="test_run_one_unprepared_project_raises" time="0.002" /><testcase classname="tests.experiments.test_run" name="test_select_project_ids_filters_by_tool_and_id" time="0.000" /><testcase classname="tests.experiments.test_run" name="test_build_job_list_cartesian_product" time="0.000" /><testcase classname="tests.experiments.test_run" name="test_run_matrix_sequential_preserves_order" time="0.837" /><testcase classname="tests.experiments.test_run" name="test_run_matrix_parallel_runs_all_jobs" time="1.005" /><testcase classname="tests.experiments.test_run" name="test_parse_variants_all_expands_to_every_variant" time="0.000" /><testcase classname="tests.experiments.test_run" name="test_parse_variants_comma_list" time="0.000" /><testcase classname="tests.experiments.test_run" name="test_parse_variants_rejects_unknown" time="0.001" /><testcase classname="tests.experiments.test_run" name="test_cli_main_dry_run_all_variants_is_safe_and_writes_report" time="0.030" /><testcase classname="tests.experiments.test_rustine_config" name="test_committed_rustine_config_is_exact_and_complete" time="0.008" /><testcase classname="tests.experiments.test_rustine_config" name="test_config_validation_rejects_protocol_drift[&lt;lambda&gt;-exactly 23]" time="0.009" /><testcase classname="tests.experiments.test_rustine_config" name="test_config_validation_rejects_protocol_drift[&lt;lambda&gt;-exactly 1..23]" time="0.007" /><testcase classname="tests.experiments.test_rustine_config" name="test_config_validation_rejects_protocol_drift[&lt;lambda&gt;-translation.json]" time="0.007" /><testcase classname="tests.experiments.test_rustine_config" name="test_config_validation_rejects_protocol_drift[&lt;lambda&gt;-all-null or all-set]" time="0.007" /><testcase classname="tests.experiments.test_rustine_metrics_report" name="test_metric_parsers_select_structured_production_values" time="0.001" /><testcase classname="tests.experiments.test_rustine_metrics_report" name="test_production_paths_include_bins_and_path_qualified_modules" time="0.006" /><testcase classname="tests.experiments.test_rustine_metrics_report" name="test_parallel_evaluation_preserves_subject_order" time="0.111" /><testcase classname="tests.experiments.test_rustine_metrics_report" name="test_runtime_execution_overlay_preserves_legacy_contract" time="0.007" /><testcase classname="tests.experiments.test_rustine_metrics_report" name="test_binary_statistics_are_exact_and_bounded" time="0.000" /><testcase classname="tests.experiments.test_rustine_metrics_report" name="test_unavailable_measurements_never_collapse_to_zero_or_success" time="0.039" /><testcase classname="tests.experiments.test_rustine_metrics_report" name="test_aggregate_and_reports_keep_reference_and_measured_status_separate" time="0.026" /><testcase classname="tests.experiments.test_rustine_package" name="test_complete_package_gate_requires_all_terminal_integrity_checked_rows" time="0.039" /><testcase classname="tests.experiments.test_rustine_package" name="test_package_gate_rejects_running_or_tampered_rows" time="0.036" /><testcase classname="tests.experiments.test_rustine_package" name="test_package_readme_points_to_exact_and_raw_outputs" time="0.000" /><testcase classname="tests.experiments.test_rustine_package" name="test_junit_test_evidence_counts_passes" time="0.003" /><testcase classname="tests.experiments.test_rustine_prepare" name="test_prepare_copies_only_fixed_contract_and_loadable_codeweaver_config" time="0.045" /><testcase classname="tests.experiments.test_rustine_prepare" name="test_evaluator_restores_contract_cargo_and_module_wiring" time="0.054" /><testcase classname="tests.experiments.test_system_compare" name="test_t_summary_has_sample_sd_and_exact_three_repetition_t_interval" time="0.001" /><testcase classname="tests.experiments.test_system_compare" name="test_paired_binary_exact_edges_and_bootstrap_are_deterministic" time="0.002" /><testcase classname="tests.experiments.test_system_compare" name="test_malformed_success_shaped_boolean_is_not_coerced" time="0.001" /><testcase classname="tests.experiments.test_system_compare" name="test_validated_rates_cap_passes_at_each_fixed_denominator" time="0.001" /><testcase classname="tests.experiments.test_system_compare" name="test_workbook_binary_parser_accepts_excel_numeric_zero_one[0-False0]" time="0.001" /><testcase classname="tests.experiments.test_system_compare" name="test_workbook_binary_parser_accepts_excel_numeric_zero_one[1-True]" time="0.001" /><testcase classname="tests.experiments.test_system_compare" name="test_workbook_binary_parser_accepts_excel_numeric_zero_one[0.0-False]" time="0.001" /><testcase classname="tests.experiments.test_system_compare" name="test_workbook_binary_parser_accepts_excel_numeric_zero_one[1.0-True0]" time="0.001" /><testcase classname="tests.experiments.test_system_compare" name="test_workbook_binary_parser_accepts_excel_numeric_zero_one[0-False1]" time="0.001" /><testcase classname="tests.experiments.test_system_compare" name="test_workbook_binary_parser_accepts_excel_numeric_zero_one[1.0-True1]" time="0.001" /><testcase classname="tests.experiments.test_system_compare" name="test_workbook_binary_parser_rejects_non_binary_or_success_shaped_values[True]" time="0.001" /><testcase classname="tests.experiments.test_system_compare" name="test_workbook_binary_parser_rejects_non_binary_or_success_shaped_values[False]" time="0.000" /><testcase classname="tests.experiments.test_system_compare" name="test_workbook_binary_parser_rejects_non_binary_or_success_shaped_values[0.5]" time="0.001" /><testcase classname="tests.experiments.test_system_compare" name="test_workbook_binary_parser_rejects_non_binary_or_success_shaped_values[nan]" time="0.001" /><testcase classname="tests.experiments.test_system_compare" name="test_workbook_binary_parser_rejects_non_binary_or_success_shaped_values[2]" time="0.000" /><testcase classname="tests.experiments.test_system_compare" name="test_workbook_binary_parser_rejects_non_binary_or_success_shaped_values[success]" time="0.000" /><testcase classname="tests.experiments.test_system_compare" name="test_compare_writes_artifacts_retains_failures_and_never_zero_fills_costs" time="0.914" /><testcase classname="tests.experiments.test_system_compare" name="test_inventory_separates_explicit_missing_failure_from_unaccounted_cell" time="0.836" /><testcase classname="tests.experiments.test_system_compare" name="test_duplicate_system_project_repetition_key_is_rejected" time="0.008" /><testcase classname="tests.experiments.test_system_compare" name="test_disjoint_baseline_inputs_and_failures_are_unioned_and_hashed" time="0.860" /><testcase classname="tests.experiments.test_system_compare" name="test_cross_file_baseline_duplicate_key_is_rejected" time="0.011" /><testcase classname="tests.experiments.test_system_compare" name="test_cli_accepts_repeated_disjoint_baseline_flags" time="0.001" /><testcase classname="tests.experiments.test_system_compare" name="test_swe_agent_overlap_is_unavailable_without_authoritative_workbook" time="0.000" /><testcase classname="tests.experiments.test_test_compare" name="test_assertions_c_equal_true_false" time="0.001" /><testcase classname="tests.experiments.test_test_compare" name="test_assertions_c_handles_nested_call_before_equality" time="0.000" /><testcase classname="tests.experiments.test_test_compare" name="test_assertions_go_equal_true_false_other" time="0.000" /><testcase classname="tests.experiments.test_test_compare" name="test_assertions_java_equal_true_false_other" time="0.000" /><testcase classname="tests.experiments.test_test_compare" name="test_assertions_python_unittest_and_bare" time="0.000" /><testcase classname="tests.experiments.test_test_compare" name="test_assertions_rust_equal_true_false_other" time="0.001" /><testcase classname="tests.experiments.test_test_compare" name="test_assertions_js_equal_true_false_other_and_nested_receiver" time="0.000" /><testcase classname="tests.experiments.test_test_compare" name="test_infer_literal[true-expected0]" time="0.001" /><testcase classname="tests.experiments.test_test_compare" name="test_infer_literal[True-expected1]" time="0.001" /><testcase classname="tests.experiments.test_test_compare" name="test_infer_literal[false-expected2]" time="0.000" /><testcase classname="tests.experiments.test_test_compare" name="test_infer_literal[&quot;hello&quot;-expected3]" time="0.001" /><testcase classname="tests.experiments.test_test_compare" name="test_infer_literal['hello'-expected4]" time="0.001" /><testcase classname="tests.experiments.test_test_compare" name="test_infer_literal[42-expected5]" time="0.001" /><testcase classname="tests.experiments.test_test_compare" name="test_infer_literal[-3-expected6]" time="0.001" /><testcase classname="tests.experiments.test_test_compare" name="test_infer_literal[3.14-expected7]" time="0.001" /><testcase classname="tests.experiments.test_test_compare" name="test_infer_literal[some_var-expected8]" time="0.001" /><testcase classname="tests.experiments.test_test_compare" name="test_infer_literal[None-expected9]" time="0.001" /><testcase classname="tests.experiments.test_test_compare" name="test_parse_tests_c_two_functions_chunk_correctly" time="0.000" /><testcase classname="tests.experiments.test_test_compare" name="test_parse_tests_unknown_language_returns_empty" time="0.000" /><testcase classname="tests.experiments.test_test_compare" name="test_parse_tests_language_lookup_is_case_insensitive" time="0.000" /><testcase classname="tests.experiments.test_test_compare" name="test_parse_tests_python_excludes_test_own_name_from_invocation_count" time="0.000" /><testcase classname="tests.experiments.test_test_compare" name="test_parse_tests_js_uses_description_string_as_name" time="0.000" /><testcase classname="tests.experiments.test_test_compare" name="test_parse_tests_rust_multiple_tests_and_loc" time="0.000" /><testcase classname="tests.experiments.test_test_compare" name="test_find_test_files_only_matches_files_with_recognizable_tests" time="0.003" /><testcase classname="tests.experiments.test_test_compare" name="test_parse_tests_in_tree_missing_root_returns_empty" time="0.002" /><testcase classname="tests.experiments.test_test_compare" name="test_parse_tests_in_tree_aggregates_across_files" time="0.003" /><testcase classname="tests.experiments.test_test_compare" name="test_name_similarity_exact_after_normalization" time="0.001" /><testcase classname="tests.experiments.test_test_compare" name="test_name_similarity_unrelated_names_score_low" time="0.000" /><testcase classname="tests.experiments.test_test_compare" name="test_map_tests_one_to_one_perfect_match" time="0.001" /><testcase classname="tests.experiments.test_test_compare" name="test_map_tests_below_threshold_is_not_mapped" time="0.000" /><testcase classname="tests.experiments.test_test_compare" name="test_map_tests_greedy_prefers_higher_score_and_is_one_to_one" time="0.000" /><testcase classname="tests.experiments.test_test_compare" name="test_map_tests_empty_lists" time="0.000" /><testcase classname="tests.experiments.test_test_compare" name="test_unmapped_target_indices" time="0.001" /><testcase classname="tests.experiments.test_test_compare" name="test_compute_embedding_similarity_unavailable_when_not_installed" time="0.001" /><testcase classname="tests.experiments.test_test_compare" name="test_compute_embedding_similarity_measured_with_fake_model" time="0.001" /><testcase classname="tests.experiments.test_test_compare" name="test_compute_embedding_similarity_error_when_encode_raises" time="0.000" /><testcase classname="tests.experiments.test_test_compare" name="test_build_row_mapped_translated_test_full_metrics" time="0.000" /><testcase classname="tests.experiments.test_test_compare" name="test_build_row_missing_when_source_has_no_mapped_target" time="0.000" /><testcase classname="tests.experiments.test_test_compare" name="test_build_row_generated_when_target_has_no_source" time="0.001" /><testcase classname="tests.experiments.test_test_compare" name="test_build_row_assertion_count_mismatch_detected" time="0.000" /><testcase classname="tests.experiments.test_test_compare" name="test_build_row_assert_equal_type_mismatch_is_not_equivalent" time="0.001" /><testcase classname="tests.experiments.test_test_compare" name="test_build_row_assert_equal_undetermined_when_expression_not_literal" time="0.000" /><testcase classname="tests.experiments.test_test_compare" name="test_build_row_embedding_wired_via_injected_function" time="0.000" /><testcase classname="tests.experiments.test_test_compare" name="test_build_comparison_rows_includes_generated_tests_separately" time="0.000" /><testcase classname="tests.experiments.test_test_compare" name="test_summarize_comparisons_rates_and_denominators" time="0.000" /><testcase classname="tests.experiments.test_test_compare" name="test_summarize_comparisons_all_unavailable_embeddings" time="0.000" /><testcase classname="tests.experiments.test_test_compare" name="test_summarize_comparisons_empty_rows_never_divides_by_zero" time="0.000" /><testcase classname="tests.experiments.test_test_compare" name="test_compare_run_raises_skip_when_run_dir_missing" time="0.003" /><testcase classname="tests.experiments.test_test_compare" name="test_compare_run_raises_skip_when_no_state_file" time="0.003" /><testcase classname="tests.experiments.test_test_compare" name="test_compare_run_raises_skip_when_not_terminal" time="0.006" /><testcase classname="tests.experiments.test_test_compare" name="test_compare_run_raises_skip_when_source_tree_missing" time="0.005" /><testcase classname="tests.experiments.test_test_compare" name="test_compare_run_measures_translation_rate_for_completed_run" time="0.008" /><testcase classname="tests.experiments.test_test_compare" name="test_compare_run_reports_zero_translation_when_nothing_produced" time="0.007" /><testcase classname="tests.experiments.test_test_compare" name="test_compare_all_reports_not_attempted_for_missing_run_dirs" time="0.002" /><testcase classname="tests.experiments.test_test_compare" name="test_compare_all_partitions_measured_and_unattempted" time="0.009" /><testcase classname="tests.experiments.test_test_compare" name="test_compare_all_never_raises_on_a_single_bad_run" time="0.007" /><testcase classname="tests.experiments.test_test_compare" name="test_write_test_comparisons_creates_csv_and_jsonl" time="0.006" /><testcase classname="tests.experiments.test_test_compare" name="test_write_comparison_failures_creates_csv" time="0.005" /><testcase classname="tests.experiments.test_test_compare" name="test_write_summary_writes_json" time="0.005" /><testcase classname="tests.experiments.test_test_compare" name="test_parse_variants_all_and_explicit_list" time="0.000" /><testcase classname="tests.experiments.test_test_compare" name="test_parse_variants_rejects_unknown" time="0.000" /><testcase classname="tests.experiments.test_test_compare" name="test_build_parser_embeddings_flag_defaults_false" time="0.001" /><testcase classname="tests.experiments.test_test_compare" name="test_cli_main_smoke_no_toolchain_needed" time="0.021" /><testcase classname="tests.test_copilot" name="test_transcript_log_path_is_unique_per_invocation" time="0.000" /><testcase classname="tests.test_copilot" name="test_transcript_accepts_dict_and_string_tool_arguments[arguments0-cargo test]" time="0.001" /><testcase classname="tests.test_copilot" name="test_transcript_accepts_dict_and_string_tool_arguments[{&quot;command&quot;:&quot;cargo test&quot;}-cargo test]" time="0.001" /><testcase classname="tests.test_copilot" name="test_transcript_accepts_dict_and_string_tool_arguments[cargo test-cargo test]" time="0.001" /><testcase classname="tests.test_copilot" name="test_copilot_timeout_kills_descendants" time="0.307" /></testsuite></testsuites>